Arguments: 
  C:\Program Files\nodejs\node.exe C:\Program Files (x86)\Yarn\bin\yarn.js install

PATH: 
  C:\Program Files\Git\mingw64\bin;C:\Program Files\Git\usr\bin;C:\Users\x71357ro\bin;C:\ProgramData\Oracle\Java\javapath;C:\Program Files (x86)\Intel\iCLS Client;C:\Program Files\Intel\iCLS Client;C:\WINDOWS\system32;C:\WINDOWS;C:\WINDOWS\System32\Wbem;C:\WINDOWS\System32\WindowsPowerShell\v1.0;C:\Program Files (x86)\Intel\Intel(R) Management Engine Components\DAL;C:\Program Files\Intel\Intel(R) Management Engine Components\DAL;C:\Program Files (x86)\Intel\Intel(R) Management Engine Components\IPT;C:\Program Files\Intel\Intel(R) Management Engine Components\IPT;C:\Program Files (x86)\ATI Technologies\ATI.ACE\Core-Static;C:\Users\x71357ro\AppData\Roaming\nvm;C:\Program Files\nodejs;C:\WINDOWS\system32\config\systemprofile\AppData\Roaming\npm;C:\Program Files (x86)\PuTTY;C:\Program Files (x86)\Brackets\command;C:\Program Files\Git\cmd;C:\Program Files (x86)\Yarn\bin;C:\Users\x71357ro\AppData\Local\Microsoft\WindowsApps;C:\Users\x71357ro\AppData\Roaming\nvm;C:\Program Files\nodejs;C:\Users\x71357ro\AppData\Roaming\npm;C:\Program Files (x86)\Microsoft VS Code\bin;C:\Users\x71357ro\AppData\Local\Google\Cloud SDK\google-cloud-sdk\bin;C:\Program Files\Heroku\bin;C:\Users\x71357ro\AppData\Local\Yarn\bin

Yarn version: 
  0.27.5

Node version: 
  6.9.4

Platform: 
  win32 x64

npm manifest: 
  {
    "name": "create-react-app-customized",
    "version": "0.1.0",
    "private": true,
    "dependencies": {
      "node-sass": "^4.5.2",
      "react": "^15.6.1",
      "react-dom": "^15.6.1",
      "react-redux": "^5.0.5",
      "react-router": "3.0.2",
      "react-router-redux": "^4.0.8",
      "redux": "^3.7.2",
      "sass-loader": "^6.0.3"
    },
    "devDependencies": {
      "proxyquire": "^1.7.11",
      "react-scripts": "0.9.5",
      "rewire": "^2.5.2"
    },
    "scripts": {
      "start": "node scripts/customized-config start",
      "build": "node scripts/customized-config build",
      "test": "node scripts/customized-config test --env=jsdom",
      "eject": "react-scripts eject"
    }
  }

yarn manifest: 
  No manifest

Lockfile: 
  No lockfile

Trace: 
  Error: https://registry.yarnpkg.com/react: tunneling socket could not be established, cause=getaddrinfo ENOTFOUND proxy.ieci.geci proxy.ieci.geci:8080
      at ClientRequest.onError (C:\Program Files (x86)\Yarn\lib\yarn-cli.js:128400:17)
      at ClientRequest.g (events.js:291:16)
      at emitOne (events.js:96:13)
      at ClientRequest.emit (events.js:188:7)
      at Socket.socketErrorListener (_http_client.js:310:9)
      at emitOne (events.js:96:13)
      at Socket.emit (events.js:188:7)
      at connectErrorNT (net.js:1022:8)
      at _combinedTickCallback (internal/process/next_tick.js:74:11)
      at process._tickCallback (internal/process/next_tick.js:98:9)
